2023-08-05 09:43:59,966.continuous_stock.INFO =============================================================
2023-08-05 09:43:59,966.continuous_stock.INFO Today is 2023-08-05 at 09:43 AM
2023-08-05 09:43:59,969.continuous_stock.INFO This file is running on: nt Windows 10
2023-08-05 09:43:59,969.continuous_stock.INFO The Python version is: 3.11.4
2023-08-05 09:43:59,969.continuous_stock.INFO The active environment path is:   C:\Users\bambe\Documents\NWMSU\44630_ContinousIntelligence\cintel-06-integration\cintel-06-integration-1\.venv
2023-08-05 09:43:59,969.continuous_stock.INFO The current working directory is: C:\Users\bambe\Documents\NWMSU\44630_ContinousIntelligence\cintel-06-integration\cintel-06-integration-1
2023-08-05 09:43:59,969.continuous_stock.INFO =============================================================
2023-08-05 09:44:04,967.continuous_stock.INFO Calling update_csv_stock
2023-08-05 09:44:04,967.continuous_stock.INFO update_interval: 60
2023-08-05 09:44:04,967.continuous_stock.INFO total_runtime: 900
2023-08-05 09:44:04,967.continuous_stock.INFO num_updates: 50
2023-08-05 09:44:04,967.continuous_stock.INFO Initialized csv file at C:\Users\bambe\Documents\NWMSU\44630_ContinousIntelligence\cintel-06-integration\cintel-06-integration-1\data\mtcars_stock.csv
2023-08-05 09:44:04,967.continuous_stock.INFO Calling get_stock_price for JWN
2023-08-05 09:44:04,967.continuous_stock.INFO Calling fetch_from_url for https://query1.finance.yahoo.com/v7/finance/options/JWN
2023-08-05 09:44:05,459.continuous_stock.INFO Data from yahoo finance: <fetch.HttpResponse object at 0x00000233C0A59F50>
2023-08-05 09:44:05,459.continuous_stock.INFO Calling get_stock_price for LULU
2023-08-05 09:44:05,461.continuous_stock.INFO Calling fetch_from_url for https://query1.finance.yahoo.com/v7/finance/options/LULU
2023-08-05 09:44:05,761.continuous_stock.INFO Data from yahoo finance: <fetch.HttpResponse object at 0x00000233C0A59710>
2023-08-05 09:44:05,761.continuous_stock.INFO Calling get_stock_price for SBUX
2023-08-05 09:44:05,761.continuous_stock.INFO Calling fetch_from_url for https://query1.finance.yahoo.com/v7/finance/options/SBUX
2023-08-05 09:44:06,027.continuous_stock.INFO Data from yahoo finance: <fetch.HttpResponse object at 0x00000233C0A595D0>
2023-08-05 09:44:06,027.continuous_stock.INFO Calling get_stock_price for NKE
2023-08-05 09:44:06,027.continuous_stock.INFO Calling fetch_from_url for https://query1.finance.yahoo.com/v7/finance/options/NKE
2023-08-05 09:44:06,650.continuous_stock.INFO Data from yahoo finance: <fetch.HttpResponse object at 0x00000233C0A59010>
2023-08-05 09:44:06,650.continuous_stock.INFO Calling get_stock_price for AMZN
2023-08-05 09:44:06,650.continuous_stock.INFO Calling fetch_from_url for https://query1.finance.yahoo.com/v7/finance/options/AMZN
2023-08-05 09:44:10,873.continuous_stock.INFO Data from yahoo finance: <fetch.HttpResponse object at 0x00000233C0A60F50>
2023-08-05 09:44:10,873.continuous_stock.INFO Saving prices to C:\Users\bambe\Documents\NWMSU\44630_ContinousIntelligence\cintel-06-integration\cintel-06-integration-1\data\mtcars_stock.csv
2023-08-05 09:44:12,819.continuous_stock.INFO Calling update_csv_stock
2023-08-05 09:44:12,819.continuous_stock.INFO update_interval: 60
2023-08-05 09:44:12,819.continuous_stock.INFO total_runtime: 900
2023-08-05 09:44:12,824.continuous_stock.INFO num_updates: 50
2023-08-05 09:44:12,824.continuous_stock.INFO Initialized csv file at C:\Users\bambe\Documents\NWMSU\44630_ContinousIntelligence\cintel-06-integration\cintel-06-integration-1\data\mtcars_stock.csv
2023-08-05 09:44:12,826.continuous_stock.INFO Calling get_stock_price for JWN
2023-08-05 09:44:12,826.continuous_stock.INFO Calling fetch_from_url for https://query1.finance.yahoo.com/v7/finance/options/JWN
2023-08-05 09:44:13,195.continuous_stock.INFO Data from yahoo finance: <fetch.HttpResponse object at 0x00000233A5F09E50>
2023-08-05 09:44:13,195.continuous_stock.INFO Calling get_stock_price for LULU
2023-08-05 09:44:13,195.continuous_stock.INFO Calling fetch_from_url for https://query1.finance.yahoo.com/v7/finance/options/LULU
2023-08-05 09:44:13,567.continuous_stock.INFO Data from yahoo finance: <fetch.HttpResponse object at 0x00000233A5F09C50>
2023-08-05 09:44:13,577.continuous_stock.INFO Calling get_stock_price for SBUX
2023-08-05 09:44:13,578.continuous_stock.INFO Calling fetch_from_url for https://query1.finance.yahoo.com/v7/finance/options/SBUX
2023-08-05 09:44:13,986.continuous_stock.INFO Data from yahoo finance: <fetch.HttpResponse object at 0x00000233A5F09AD0>
2023-08-05 09:44:13,986.continuous_stock.INFO Calling get_stock_price for NKE
2023-08-05 09:44:13,986.continuous_stock.INFO Calling fetch_from_url for https://query1.finance.yahoo.com/v7/finance/options/NKE
2023-08-05 09:44:14,492.continuous_stock.INFO Data from yahoo finance: <fetch.HttpResponse object at 0x00000233A5EA7E90>
2023-08-05 09:44:14,492.continuous_stock.INFO Calling get_stock_price for AMZN
2023-08-05 09:44:14,492.continuous_stock.INFO Calling fetch_from_url for https://query1.finance.yahoo.com/v7/finance/options/AMZN
2023-08-05 09:44:15,016.continuous_stock.INFO Data from yahoo finance: <fetch.HttpResponse object at 0x00000233A5F0DCD0>
2023-08-05 09:44:15,021.continuous_stock.INFO Saving prices to C:\Users\bambe\Documents\NWMSU\44630_ContinousIntelligence\cintel-06-integration\cintel-06-integration-1\data\mtcars_stock.csv
