2023-08-01 08:34:40,441.continuous_location.INFO =============================================================
2023-08-01 08:34:40,442.continuous_location.INFO Today is 2023-08-01 at 08:34 AM
2023-08-01 08:34:40,442.continuous_location.INFO This file is running on: nt Windows 10
2023-08-01 08:34:40,442.continuous_location.INFO The Python version is: 3.11.4
2023-08-01 08:34:40,443.continuous_location.INFO The active environment path is:   C:\Users\bambe\Documents\NWMSU\44630_ContinousIntelligence\cintel-05-interactive\cintel-05-live-updates\.venv
2023-08-01 08:34:40,443.continuous_location.INFO The current working directory is: C:\Users\bambe\Documents\NWMSU\44630_ContinousIntelligence\cintel-05-interactive\cintel-05-live-updates
2023-08-01 08:34:40,444.continuous_location.INFO =============================================================
2023-08-01 08:34:47,596.continuous_location.INFO Calling update_csv_location
2023-08-01 08:34:47,596.continuous_location.INFO update_interval: 60
2023-08-01 08:34:47,597.continuous_location.INFO total_runtime: 900
2023-08-01 08:34:47,597.continuous_location.INFO num_updates: 10
2023-08-01 08:34:47,598.continuous_location.INFO Initialized csv file at C:\Users\bambe\Documents\NWMSU\44630_ContinousIntelligence\cintel-05-interactive\cintel-05-live-updates\data\mtcars_location.csv
2023-08-01 08:34:47,598.continuous_location.INFO Calling get_temperature_from_openweathermap for {lat}, {long}}
2023-08-01 08:34:47,600.continuous_location.INFO Calling fetch_from_url for https://api.openweathermap.org/data/2.5/weather?lat=33.79085&lon=-117.50394&appid=854749a86f71428bfcb38228996c5834&units=imperial
2023-08-01 08:34:47,601.continuous_location.INFO Calling get_temperature_from_openweathermap for {lat}, {long}}
2023-08-01 08:34:47,603.continuous_location.INFO Calling fetch_from_url for https://api.openweathermap.org/data/2.5/weather?lat=47.76232&lon=-122.205404&appid=854749a86f71428bfcb38228996c5834&units=imperial
2023-08-01 08:34:47,603.continuous_location.INFO Calling get_temperature_from_openweathermap for {lat}, {long}}
2023-08-01 08:34:47,604.continuous_location.INFO Calling fetch_from_url for https://api.openweathermap.org/data/2.5/weather?lat=33.4941704&lon=-111.9260519&appid=854749a86f71428bfcb38228996c5834&units=imperial
2023-08-01 08:34:47,607.continuous_location.INFO Saving temperatures to C:\Users\bambe\Documents\NWMSU\44630_ContinousIntelligence\cintel-05-interactive\cintel-05-live-updates\data\mtcars_location.csv
2023-08-01 08:35:47,613.continuous_location.INFO Calling get_temperature_from_openweathermap for {lat}, {long}}
2023-08-01 08:35:47,619.continuous_location.INFO Calling fetch_from_url for https://api.openweathermap.org/data/2.5/weather?lat=33.79085&lon=-117.50394&appid=854749a86f71428bfcb38228996c5834&units=imperial
2023-08-01 08:35:47,620.continuous_location.INFO Calling get_temperature_from_openweathermap for {lat}, {long}}
2023-08-01 08:35:47,624.continuous_location.INFO Calling fetch_from_url for https://api.openweathermap.org/data/2.5/weather?lat=47.76232&lon=-122.205404&appid=854749a86f71428bfcb38228996c5834&units=imperial
2023-08-01 08:35:47,625.continuous_location.INFO Calling get_temperature_from_openweathermap for {lat}, {long}}
2023-08-01 08:35:47,627.continuous_location.INFO Calling fetch_from_url for https://api.openweathermap.org/data/2.5/weather?lat=33.4941704&lon=-111.9260519&appid=854749a86f71428bfcb38228996c5834&units=imperial
2023-08-01 08:35:47,630.continuous_location.INFO Saving temperatures to C:\Users\bambe\Documents\NWMSU\44630_ContinousIntelligence\cintel-05-interactive\cintel-05-live-updates\data\mtcars_location.csv
