2023-08-09 11:35:11,031.mtcars_server.INFO =============================================================
2023-08-09 11:35:11,031.mtcars_server.INFO Today is 2023-08-09 at 11:35 AM
2023-08-09 11:35:11,046.mtcars_server.INFO This file is running on: nt Windows 10
2023-08-09 11:35:11,046.mtcars_server.INFO The Python version is: 3.11.4
2023-08-09 11:35:11,046.mtcars_server.INFO The active environment path is:   C:\Users\bambe\Documents\NWMSU\44630_ContinousIntelligence\cintel-06-integration\cintel-06-integration\.venv
2023-08-09 11:35:11,046.mtcars_server.INFO The current working directory is: C:\Users\bambe\Documents\NWMSU\44630_ContinousIntelligence\cintel-06-integration\cintel-06-integration
2023-08-09 11:35:11,047.mtcars_server.INFO =============================================================
2023-08-09 11:36:50,209.mtcars_server.DEBUG filter message: Showing 32 of 32 records
2023-08-09 11:36:50,302.mtcars_server.INFO Starting mtcars_output_widget1
2023-08-09 11:36:50,481.mtcars_server.INFO Starting mtcars_plot1
2023-08-09 11:36:51,702.mtcars_server.INFO READING df from C:\Users\bambe\Documents\NWMSU\44630_ContinousIntelligence\cintel-06-integration\cintel-06-integration\data\mtcars_location.csv
2023-08-09 11:36:51,703.mtcars_server.INFO READING df len 3
2023-08-09 11:36:51,703.mtcars_server.INFO init reactive_temp_df len: 3
2023-08-09 11:36:51,703.mtcars_server.INFO mtcars_temperature_location_string starting
2023-08-09 11:36:51,707.mtcars_server.INFO Recent Temperature in F for Temescal Valley CA.
Updated once per minute for 15 minutes.
Keeps the most recent 10 minutes of data.
2023-08-09 11:36:51,709.mtcars_server.INFO Rendering TEMP table with 1 rows
2023-08-09 11:36:51,715.mtcars_server.INFO Rendering TEMP chart with 1 points
2023-08-09 11:36:51,762.mtcars_server.INFO READING df from C:\Users\bambe\Documents\NWMSU\44630_ContinousIntelligence\cintel-06-integration\cintel-06-integration\data\mtcars_stock.csv
2023-08-09 11:36:51,765.mtcars_server.INFO READING df len 5
2023-08-09 11:36:51,765.mtcars_server.INFO init reactive_price_df len: 5
2023-08-09 11:36:51,766.mtcars_server.INFO mtcars_price_stocks_string starting
2023-08-09 11:36:51,766.mtcars_server.INFO Recent Price in USD for Nordstrom Inc.
Updated once per minute for 15 minutes.
Keeps the most recent 10 minutes of data.
2023-08-09 11:36:51,768.mtcars_server.INFO Rendering price table with 1 rows
2023-08-09 11:36:51,769.mtcars_server.INFO Rendering Price chart with 1 points
2023-08-09 11:36:53,901.mtcars_server.INFO READING df from C:\Users\bambe\Documents\NWMSU\44630_ContinousIntelligence\cintel-06-integration\cintel-06-integration\data\mtcars_location.csv
2023-08-09 11:36:53,903.mtcars_server.INFO READING df len 3
2023-08-09 11:36:53,903.mtcars_server.INFO Rendering TEMP table with 1 rows
2023-08-09 11:36:53,907.mtcars_server.INFO Rendering TEMP chart with 1 points
2023-08-09 11:36:53,958.mtcars_server.INFO READING df from C:\Users\bambe\Documents\NWMSU\44630_ContinousIntelligence\cintel-06-integration\cintel-06-integration\data\mtcars_stock.csv
2023-08-09 11:36:53,959.mtcars_server.INFO READING df len 5
2023-08-09 11:36:53,960.mtcars_server.INFO Rendering price table with 1 rows
2023-08-09 11:36:53,964.mtcars_server.INFO Rendering Price chart with 1 points
