2023-08-11 14:11:52,892.reactive_server.INFO =============================================================
2023-08-11 14:11:52,892.reactive_server.INFO Today is 2023-08-11 at 02:11 PM
2023-08-11 14:11:52,892.reactive_server.INFO This file is running on: nt Windows 10
2023-08-11 14:11:52,892.reactive_server.INFO The Python version is: 3.11.4
2023-08-11 14:11:52,892.reactive_server.INFO The active environment path is:   C:\Users\bambe\Documents\NWMSU\44630_ContinousIntelligence\cintel-07-final\cintel-07-final\.venv
2023-08-11 14:11:52,892.reactive_server.INFO The current working directory is: C:\Users\bambe\Documents\NWMSU\44630_ContinousIntelligence\cintel-07-final\cintel-07-final
2023-08-11 14:11:52,892.reactive_server.INFO =============================================================
2023-08-11 14:11:57,065.reactive_server.INFO READING df from C:\Users\bambe\Documents\NWMSU\44630_ContinousIntelligence\cintel-07-final\cintel-07-final\data\reactive_location.csv
2023-08-11 14:11:57,068.reactive_server.INFO READING df len 5
2023-08-11 14:11:57,069.reactive_server.INFO init reactive_temp_df len: 5
2023-08-11 14:11:57,070.reactive_server.INFO reactive_temperature_location_string starting
2023-08-11 14:11:57,070.reactive_server.INFO Recent Temperature in F for ('San Diego CA',).
Updated once per minute for 15 minutes.
Keeps the most recent 10 minutes of data.
2023-08-11 14:11:57,072.reactive_server.INFO Rendering TEMP table with 1 rows
2023-08-11 14:11:57,781.reactive_server.INFO Rendering TEMP chart with 1 points
2023-08-11 14:11:57,974.reactive_server.INFO READING df from C:\Users\bambe\Documents\NWMSU\44630_ContinousIntelligence\cintel-07-final\cintel-07-final\data\reactive_stock.csv
2023-08-11 14:11:57,975.reactive_server.INFO READING df len 5
2023-08-11 14:11:57,975.reactive_server.INFO Updated reactive_stock selection: ('Nordstrom Inc',). DataFrame length: 5
2023-08-11 14:11:57,980.reactive_server.INFO reactive_stock_string starting
2023-08-11 14:11:57,980.reactive_server.INFO Recent Price in USD for ('Nordstrom Inc',).
Updated once per minute for 15 minutes.
Keeps the most recent 10 minutes of data.
2023-08-11 14:11:57,981.reactive_server.INFO Rendering price table with 1 rows
2023-08-11 14:11:57,981.reactive_server.INFO Rendering Price chart with 1 points
2023-08-11 14:12:00,875.reactive_server.INFO READING df from C:\Users\bambe\Documents\NWMSU\44630_ContinousIntelligence\cintel-07-final\cintel-07-final\data\reactive_location.csv
2023-08-11 14:12:00,878.reactive_server.INFO READING df len 5
2023-08-11 14:12:00,880.reactive_server.INFO Rendering TEMP table with 1 rows
2023-08-11 14:12:00,884.reactive_server.INFO Rendering TEMP chart with 1 points
2023-08-11 14:12:00,963.reactive_server.INFO READING df from C:\Users\bambe\Documents\NWMSU\44630_ContinousIntelligence\cintel-07-final\cintel-07-final\data\reactive_stock.csv
2023-08-11 14:12:00,965.reactive_server.INFO READING df len 5
2023-08-11 14:12:00,967.reactive_server.INFO Rendering price table with 1 rows
2023-08-11 14:12:00,970.reactive_server.INFO Rendering Price chart with 1 points
2023-08-11 14:12:04,005.reactive_server.INFO init reactive_temp_df len: 5
2023-08-11 14:12:04,008.reactive_server.INFO Rendering TEMP table with 2 rows
2023-08-11 14:12:04,015.reactive_server.INFO Rendering TEMP chart with 2 points
2023-08-11 14:12:04,119.reactive_server.INFO reactive_temperature_location_string starting
2023-08-11 14:12:04,119.reactive_server.INFO Recent Temperature in F for ('Portland OR', 'San Diego CA').
Updated once per minute for 15 minutes.
Keeps the most recent 10 minutes of data.
